#
# There is insufficient memory for the Java Runtime Environment to continue.
# Native memory allocation (mmap) failed to map 47185920 bytes for Failed to commit area from 0x000000008ec00000 to 0x0000000091900000 of length 47185920.
# Possible reasons:
#   The system is out of physical RAM or swap space
#   The process is running with CompressedOops enabled, and the Java Heap may be blocking the growth of the native heap
# Possible solutions:
#   Reduce memory load on the system
#   Increase physical memory or swap space
#   Check if swap backing store is full
#   Decrease Java heap size (-Xmx/-Xms)
#   Decrease number of Java threads
#   Decrease Java thread stack sizes (-Xss)
#   Set larger code cache with -XX:ReservedCodeCacheSize=
#   JVM is running with Unscaled Compressed Oops mode in which the Java heap is
#     placed in the first 4GB address space. The Java Heap base address is the
#     maximum limit for the native heap growth. Please use -XX:HeapBaseMinAddress
#     to set the Java Heap base and to place the Java Heap above 4GB virtual address.
# This output file may be truncated or incomplete.
#
#  Out of Memory Error (./src/hotspot/os/windows/os_windows.cpp:3311), pid=5452, tid=2548
#
# JRE version: OpenJDK Runtime Environment GraalVM CE 20.3.3 (11.0.12+6) (build 11.0.12+6-jvmci-20.3-b20)
# Java VM: OpenJDK 64-Bit Server VM GraalVM CE 20.3.3 (11.0.12+6-jvmci-20.3-b20, mixed mode, sharing, tiered, jvmci, jvmci compiler, compressed oops, g1 gc, windows-amd64)
# No core dump will be written. Minidumps are not enabled by default on client versions of Windows
#

---------------  S U M M A R Y ------------

Command Line: -XX:+UnlockExperimentalVMOptions -XX:+EnableJVMCIProduct -XX:-UnlockExperimentalVMOptions -XX:ThreadPriorityPolicy=1 C:\Users\GALIHD~1\AppData\Local\Temp\surefire249387543591547983\surefirebooter3279057327828116828.jar C:\Users\galih diarsyah\AppData\Local\Temp\surefire249387543591547983 2021-09-30T02-47-17_549-jvmRun1 surefire17759202752395192133tmp surefire_06357777584484148220tmp

Host: AMD Ryzen 3 1300X Quad-Core Processor          , 4 cores, 7G,  Windows 10 , 64 bit Build 19041 (10.0.19041.1202)
Time: Thu Sep 30 02:47:34 2021 SE Asia Standard Time elapsed time: 16.212406 seconds (0d 0h 0m 16s)

---------------  T H R E A D  ---------------

Current thread (0x000001a882166800):  VMThread "VM Thread" [stack: 0x0000003a58900000,0x0000003a58a00000] [id=2548]

Stack: [0x0000003a58900000,0x0000003a58a00000]
[error occurred during error reporting (printing stack bounds), id 0xc0000005, EXCEPTION_ACCESS_VIOLATION (0xc0000005) at pc=0x000001a8e6f3112d]

Native frames: (J=compiled Java code, j=interpreted, Vv=VM code, C=native code)
V  [jvm.dll+0x61feea]
V  [jvm.dll+0x759b3e]
V  [jvm.dll+0x75b20f]
V  [jvm.dll+0x75b835]
V  [jvm.dll+0x75b7eb]
V  [jvm.dll+0x61f463]
V  [jvm.dll+0x61fb78]
C  [ntdll.dll+0xa20cf]
C  [ntdll.dll+0x51454]
C  [ntdll.dll+0xa0bfe]
C  0x000001a8e6f3112d

VM_Operation (0x0000003a583fa040): G1CollectForAllocation, mode: safepoint, requested by thread 0x000001a8de099800


---------------  P R O C E S S  ---------------

Threads class SMR info:
_java_thread_list=0x000001a8a7fcc630, length=30, elements={
0x000001a8de099800, 0x000001a88216b000, 0x000001a88216e800, 0x000001a882187800,
0x000001a882188800, 0x000001a882189800, 0x000001a88218d800, 0x000001a88218f000,
0x000001a88219a000, 0x000001a882a63000, 0x000001a882bbe000, 0x000001a882c07800,
0x000001a89b7ec000, 0x000001a8a79cb000, 0x000001a8a7ba6800, 0x000001a8a7ba7800,
0x000001a8a7c50000, 0x000001a8a7c9e800, 0x000001a8a7c9f000, 0x000001a8a7ca0000,
0x000001a8a7c79000, 0x000001a8a7c7a000, 0x000001a8a7c7a800, 0x000001a8a7c78800,
0x000001a8a7dbe800, 0x000001a8a7dbf800, 0x000001a8a7dc0800, 0x000001a8a7dc2000,
0x000001a89b6c7800, 0x000001a8a7dc3000
}

Java Threads: ( => current thread )
  0x000001a8de099800 JavaThread "main" [_thread_blocked, id=9288, stack(0x0000003a58300000,0x0000003a58400000)]
  0x000001a88216b000 JavaThread "Reference Handler" daemon [_thread_blocked, id=8604, stack(0x0000003a58a00000,0x0000003a58b00000)]
  0x000001a88216e800 JavaThread "Finalizer" daemon [_thread_blocked, id=8888, stack(0x0000003a58b00000,0x0000003a58c00000)]
  0x000001a882187800 JavaThread "Signal Dispatcher" daemon [_thread_blocked, id=12624, stack(0x0000003a58c00000,0x0000003a58d00000)]
  0x000001a882188800 JavaThread "Attach Listener" daemon [_thread_blocked, id=17260, stack(0x0000003a58d00000,0x0000003a58e00000)]
  0x000001a882189800 JavaThread "Service Thread" daemon [_thread_blocked, id=13732, stack(0x0000003a58e00000,0x0000003a58f00000)]
  0x000001a88218d800 JavaThread "JVMCI-native CompilerThread0" daemon [_thread_blocked, id=17912, stack(0x0000003a58f00000,0x0000003a59000000)]
  0x000001a88218f000 JavaThread "C1 CompilerThread0" daemon [_thread_blocked, id=11824, stack(0x0000003a59000000,0x0000003a59100000)]
  0x000001a88219a000 JavaThread "Sweeper thread" daemon [_thread_blocked, id=18004, stack(0x0000003a59100000,0x0000003a59200000)]
  0x000001a882a63000 JavaThread "Common-Cleaner" daemon [_thread_blocked, id=18144, stack(0x0000003a59200000,0x0000003a59300000)]
  0x000001a882bbe000 JavaThread "surefire-forkedjvm-command-thread" daemon [_thread_in_native, id=17860, stack(0x0000003a59600000,0x0000003a59700000)]
  0x000001a882c07800 JavaThread "surefire-forkedjvm-ping-30s" daemon [_thread_in_native, id=15824, stack(0x0000003a59700000,0x0000003a59800000)]
  0x000001a89b7ec000 JavaThread "Libgraal MBean Registration" daemon [_thread_blocked, id=16664, stack(0x0000003a59a00000,0x0000003a59b00000)]
  0x000001a8a79cb000 JavaThread "Thread-2" daemon [_thread_in_native, id=17176, stack(0x0000003a59400000,0x0000003a59500000)]
  0x000001a8a7ba6800 JavaThread "cluster-ClusterId{value='6154c2cf0b738321f57fc678', description='null'}-srv-db-test.ol7gz.mongodb.net" daemon [_thread_blocked, id=9660, stack(0x0000003a59b00000,0x0000003a59c00000)]
  0x000001a8a7ba7800 JavaThread "cluster-ClusterId{value='6154c2cf0b738321f57fc678', description='null'}-db-test-shard-00-02.ol7gz.mongodb.net:27017" daemon [_thread_blocked, id=17600, stack(0x0000003a59c00000,0x0000003a59d00000)]
  0x000001a8a7c50000 JavaThread "cluster-rtt-ClusterId{value='6154c2cf0b738321f57fc678', description='null'}-db-test-shard-00-02.ol7gz.mongodb.net:27017" daemon [_thread_blocked, id=7896, stack(0x0000003a59d00000,0x0000003a59e00000)]
  0x000001a8a7c9e800 JavaThread "cluster-ClusterId{value='6154c2cf0b738321f57fc678', description='null'}-db-test-shard-00-01.ol7gz.mongodb.net:27017" daemon [_thread_blocked, id=17656, stack(0x0000003a59e00000,0x0000003a59f00000)]
  0x000001a8a7c9f000 JavaThread "cluster-rtt-ClusterId{value='6154c2cf0b738321f57fc678', description='null'}-db-test-shard-00-01.ol7gz.mongodb.net:27017" daemon [_thread_blocked, id=4192, stack(0x0000003a59f00000,0x0000003a5a000000)]
  0x000001a8a7ca0000 JavaThread "cluster-ClusterId{value='6154c2cf0b738321f57fc678', description='null'}-db-test-shard-00-00.ol7gz.mongodb.net:27017" daemon [_thread_blocked, id=14936, stack(0x0000003a5a000000,0x0000003a5a100000)]
  0x000001a8a7c79000 JavaThread "cluster-rtt-ClusterId{value='6154c2cf0b738321f57fc678', description='null'}-db-test-shard-00-00.ol7gz.mongodb.net:27017" daemon [_thread_blocked, id=2224, stack(0x0000003a5a100000,0x0000003a5a200000)]
  0x000001a8a7c7a000 JavaThread "nioEventLoopGroup-2-1" [_thread_in_native, id=18192, stack(0x0000003a5a200000,0x0000003a5a300000)]
  0x000001a8a7c7a800 JavaThread "nioEventLoopGroup-2-2" [_thread_in_native, id=10940, stack(0x0000003a5a300000,0x0000003a5a400000)]
  0x000001a8a7c78800 JavaThread "nioEventLoopGroup-2-4" [_thread_in_native, id=9548, stack(0x0000003a5a400000,0x0000003a5a500000)]
  0x000001a8a7dbe800 JavaThread "nioEventLoopGroup-2-3" [_thread_in_native, id=17920, stack(0x0000003a5a500000,0x0000003a5a600000)]
  0x000001a8a7dbf800 JavaThread "nioEventLoopGroup-2-6" [_thread_in_native, id=15216, stack(0x0000003a5a600000,0x0000003a5a700000)]
  0x000001a8a7dc0800 JavaThread "nioEventLoopGroup-2-5" [_thread_in_native, id=5264, stack(0x0000003a5a700000,0x0000003a5a800000)]
  0x000001a8a7dc2000 JavaThread "boundedElastic-evictor-1" daemon [_thread_blocked, id=17280, stack(0x0000003a5a800000,0x0000003a5a900000)]
  0x000001a89b6c7800 JavaThread "JVMCI-native CompilerThread1" daemon [_thread_blocked, id=17328, stack(0x0000003a5aa00000,0x0000003a5ab00000)]
  0x000001a8a7dc3000 JavaThread "Keep-Alive-Timer" daemon [_thread_blocked, id=16692, stack(0x0000003a5ab00000,0x0000003a5ac00000)]

Other Threads:
=>0x000001a882166800 VMThread "VM Thread" [stack: 0x0000003a58900000,0x0000003a58a00000] [id=2548]
  0x000001a882aff800 WatcherThread [stack: 0x0000003a59300000,0x0000003a59400000] [id=7396]
  0x000001a8de0b1800 GCTaskThread "GC Thread#0" [stack: 0x0000003a58400000,0x0000003a58500000] [id=18008]
  0x000001a88e298800 GCTaskThread "GC Thread#1" [stack: 0x0000003a59800000,0x0000003a59900000] [id=16612]
  0x000001a88e299000 GCTaskThread "GC Thread#2" [stack: 0x0000003a59900000,0x0000003a59a00000] [id=17240]
  0x000001a89bcb8000 GCTaskThread "GC Thread#3" [stack: 0x0000003a59500000,0x0000003a59600000] [id=3368]
  0x000001a8de0e3800 ConcurrentGCThread "G1 Main Marker" [stack: 0x0000003a58500000,0x0000003a58600000] [id=3432]
  0x000001a8de0e6000 ConcurrentGCThread "G1 Conc#0" [stack: 0x0000003a58600000,0x0000003a58700000] [id=16188]
  0x000001a8de17a000 ConcurrentGCThread "G1 Refine#0" [stack: 0x0000003a58700000,0x0000003a58800000] [id=17504]
  0x000001a8de17b000 ConcurrentGCThread "G1 Young RemSet Sampling" [stack: 0x0000003a58800000,0x0000003a58900000] [id=16340]

Threads with active compile tasks:
JVMCI-native CompilerThread1  16248 5636       4       java.lang.Class::getMethodsRecursive (99 bytes)

VM state:at safepoint (normal execution)

VM Mutex/Monitor currently owned by a thread:  ([mutex/lock_event])
[0x000001a8de095b10] Threads_lock - owner thread: 0x000001a882166800
[0x000001a8de0957b0] Heap_lock - owner thread: 0x000001a8de099800

Heap address: 0x0000000080c00000, size: 2036 MB, Compressed Oops mode: 32-bit
Narrow klass base: 0x0000000800000000, Narrow klass shift: 3
Compressed class space size: 1073741824 Address: 0x0000000840000000

Heap:
 garbage-first heap   total 275456K, used 137849K [0x0000000080c00000, 0x0000000100000000)
  region size 1024K, 6 young (6144K), 6 survivors (6144K)
 Metaspace       used 61440K, capacity 63466K, committed 63616K, reserved 1103872K
  class space    used 7948K, capacity 8773K, committed 8832K, reserved 1048576K
Heap Regions: E=young(eden), S=young(survivor), O=old, HS=humongous(starts), HC=humongous(continues), CS=collection set, F=free, A=archive, TAMS=top-at-mark-start (previous, next)
|   0|0x0000000080c00000, 0x0000000080d00000, 0x0000000080d00000|100%| O|  |TAMS 0x0000000080d00000, 0x0000000080c00000| Untracked 
|   1|0x0000000080d00000, 0x0000000080e00000, 0x0000000080e00000|100%| O|  |TAMS 0x0000000080e00000, 0x0000000080d00000| Untracked 
|   2|0x0000000080e00000, 0x0000000080f00000, 0x0000000080f00000|100%| O|  |TAMS 0x0000000080f00000, 0x0000000080e00000| Untracked 
|   3|0x0000000080f00000, 0x0000000081000000, 0x0000000081000000|100%| O|  |TAMS 0x0000000081000000, 0x0000000080f00000| Untracked 
|   4|0x0000000081000000, 0x0000000081100000, 0x0000000081100000|100%| O|  |TAMS 0x0000000081100000, 0x0000000081000000| Untracked 
|   5|0x0000000081100000, 0x0000000081200000, 0x0000000081200000|100%| O|  |TAMS 0x0000000081200000, 0x0000000081100000| Untracked 
|   6|0x0000000081200000, 0x0000000081300000, 0x0000000081300000|100%| O|  |TAMS 0x0000000081300000, 0x0000000081200000| Untracked 
|   7|0x0000000081300000, 0x0000000081400000, 0x0000000081400000|100%| O|  |TAMS 0x0000000081400000, 0x0000000081300000| Untracked 
|   8|0x0000000081400000, 0x0000000081500000, 0x0000000081500000|100%| O|  |TAMS 0x0000000081500000, 0x0000000081400000| Untracked 
|   9|0x0000000081500000, 0x0000000081600000, 0x0000000081600000|100%| O|  |TAMS 0x0000000081600000, 0x0000000081500000| Untracked 
|  10|0x0000000081600000, 0x0000000081700000, 0x0000000081700000|100%| O|  |TAMS 0x0000000081700000, 0x0000000081600000| Untracked 
|  11|0x0000000081700000, 0x0000000081800000, 0x0000000081800000|100%| O|  |TAMS 0x0000000081800000, 0x0000000081700000| Untracked 
|  12|0x0000000081800000, 0x0000000081900000, 0x0000000081900000|100%| O|  |TAMS 0x0000000081900000, 0x0000000081800000| Untracked 
|  13|0x0000000081900000, 0x0000000081a00000, 0x0000000081a00000|100%| O|  |TAMS 0x0000000081a00000, 0x0000000081900000| Untracked 
|  14|0x0000000081a00000, 0x0000000081b00000, 0x0000000081b00000|100%|HS|  |TAMS 0x0000000081b00000, 0x0000000081a00000| Complete 
|  15|0x0000000081b00000, 0x0000000081c00000, 0x0000000081c00000|100%|HC|  |TAMS 0x0000000081c00000, 0x0000000081b00000| Complete 
|  16|0x0000000081c00000, 0x0000000081d00000, 0x0000000081d00000|100%|HC|  |TAMS 0x0000000081d00000, 0x0000000081c00000| Complete 
|  17|0x0000000081d00000, 0x0000000081e00000, 0x0000000081e00000|100%|HC|  |TAMS 0x0000000081e00000, 0x0000000081d00000| Complete 
|  18|0x0000000081e00000, 0x0000000081f00000, 0x0000000081f00000|100%|HC|  |TAMS 0x0000000081f00000, 0x0000000081e00000| Complete 
|  19|0x0000000081f00000, 0x0000000082000000, 0x0000000082000000|100%|HC|  |TAMS 0x0000000082000000, 0x0000000081f00000| Complete 
|  20|0x0000000082000000, 0x0000000082100000, 0x0000000082100000|100%|HC|  |TAMS 0x0000000082100000, 0x0000000082000000| Complete 
|  21|0x0000000082100000, 0x0000000082200000, 0x0000000082200000|100%|HC|  |TAMS 0x0000000082200000, 0x0000000082100000| Complete 
|  22|0x0000000082200000, 0x0000000082300000, 0x0000000082300000|100%|HC|  |TAMS 0x0000000082300000, 0x0000000082200000| Complete 
|  23|0x0000000082300000, 0x0000000082400000, 0x0000000082400000|100%|HC|  |TAMS 0x0000000082400000, 0x0000000082300000| Complete 
|  24|0x0000000082400000, 0x0000000082500000, 0x0000000082500000|100%|HC|  |TAMS 0x0000000082500000, 0x0000000082400000| Complete 
|  25|0x0000000082500000, 0x0000000082600000, 0x0000000082600000|100%|HC|  |TAMS 0x0000000082600000, 0x0000000082500000| Complete 
|  26|0x0000000082600000, 0x0000000082700000, 0x0000000082700000|100%|HC|  |TAMS 0x0000000082700000, 0x0000000082600000| Complete 
|  27|0x0000000082700000, 0x0000000082800000, 0x0000000082800000|100%|HC|  |TAMS 0x0000000082800000, 0x0000000082700000| Complete 
|  28|0x0000000082800000, 0x0000000082900000, 0x0000000082900000|100%|HC|  |TAMS 0x0000000082900000, 0x0000000082800000| Complete 
|  29|0x0000000082900000, 0x0000000082a00000, 0x0000000082a00000|100%|HC|  |TAMS 0x0000000082a00000, 0x0000000082900000| Complete 
|  30|0x0000000082a00000, 0x0000000082b00000, 0x0000000082b00000|100%|HC|  |TAMS 0x0000000082b00000, 0x0000000082a00000| Complete 
|  31|0x0000000082b00000, 0x0000000082c00000, 0x0000000082c00000|100%|HS|  |TAMS 0x0000000082c00000, 0x0000000082b00000| Complete 
|  32|0x0000000082c00000, 0x0000000082d00000, 0x0000000082d00000|100%|HC|  |TAMS 0x0000000082d00000, 0x0000000082c00000| Complete 
|  33|0x0000000082d00000, 0x0000000082e00000, 0x0000000082e00000|100%|HC|  |TAMS 0x0000000082e00000, 0x0000000082d00000| Complete 
|  34|0x0000000082e00000, 0x0000000082f00000, 0x0000000082f00000|100%|HC|  |TAMS 0x0000000082f00000, 0x0000000082e00000| Complete 
|  35|0x0000000082f00000, 0x0000000083000000, 0x0000000083000000|100%|HC|  |TAMS 0x0000000083000000, 0x0000000082f00000| Complete 
|  36|0x0000000083000000, 0x0000000083100000, 0x0000000083100000|100%|HC|  |TAMS 0x0000000083100000, 0x0000000083000000| Complete 
|  37|0x0000000083100000, 0x0000000083200000, 0x0000000083200000|100%|HC|  |TAMS 0x0000000083200000, 0x0000000083100000| Complete 
|  38|0x0000000083200000, 0x0000000083300000, 0x0000000083300000|100%|HC|  |TAMS 0x0000000083300000, 0x0000000083200000| Complete 
|  39|0x0000000083300000, 0x0000000083400000, 0x0000000083400000|100%|HC|  |TAMS 0x0000000083400000, 0x0000000083300000| Complete 
|  40|0x0000000083400000, 0x0000000083500000, 0x0000000083500000|100%|HC|  |TAMS 0x0000000083500000, 0x0000000083400000| Complete 
|  41|0x0000000083500000, 0x0000000083600000, 0x0000000083600000|100%|HC|  |TAMS 0x0000000083600000, 0x0000000083500000| Complete 
|  42|0x0000000083600000, 0x0000000083700000, 0x0000000083700000|100%|HC|  |TAMS 0x0000000083700000, 0x0000000083600000| Complete 
|  43|0x0000000083700000, 0x0000000083800000, 0x0000000083800000|100%|HC|  |TAMS 0x0000000083800000, 0x0000000083700000| Complete 
|  44|0x0000000083800000, 0x0000000083900000, 0x0000000083900000|100%|HC|  |TAMS 0x0000000083900000, 0x0000000083800000| Complete 
|  45|0x0000000083900000, 0x0000000083a00000, 0x0000000083a00000|100%|HC|  |TAMS 0x0000000083a00000, 0x0000000083900000| Complete 
|  46|0x0000000083a00000, 0x0000000083b00000, 0x0000000083b00000|100%|HC|  |TAMS 0x0000000083b00000, 0x0000000083a00000| Complete 
|  47|0x0000000083b00000, 0x0000000083c00000, 0x0000000083c00000|100%|HC|  |TAMS 0x0000000083c00000, 0x0000000083b00000| Complete 
|  48|0x0000000083c00000, 0x0000000083d00000, 0x0000000083d00000|100%| O|  |TAMS 0x0000000083d00000, 0x0000000083c00000| Untracked 
|  49|0x0000000083d00000, 0x0000000083e00000, 0x0000000083e00000|100%| O|  |TAMS 0x0000000083e00000, 0x0000000083d00000| Untracked 
|  50|0x0000000083e00000, 0x0000000083e00000, 0x0000000083f00000|  0%| F|  |TAMS 0x0000000083e00000, 0x0000000083e00000| Untracked 
|  51|0x0000000083f00000, 0x0000000083f00000, 0x0000000084000000|  0%| F|  |TAMS 0x0000000083f00000, 0x0000000083f00000| Untracked 
|  52|0x0000000084000000, 0x0000000084000000, 0x0000000084100000|  0%| F|  |TAMS 0x0000000084000000, 0x0000000084000000| Untracked 
|  53|0x0000000084100000, 0x0000000084100000, 0x0000000084200000|  0%| F|  |TAMS 0x0000000084100000, 0x0000000084100000| Untracked 
|  54|0x0000000084200000, 0x0000000084200000, 0x0000000084300000|  0%| F|  |TAMS 0x0000000084200000, 0x0000000084200000| Untracked 
|  55|0x0000000084300000, 0x0000000084300000, 0x0000000084400000|  0%| F|  |TAMS 0x0000000084300000, 0x0000000084300000| Untracked 
|  56|0x0000000084400000, 0x0000000084400000, 0x0000000084500000|  0%| F|  |TAMS 0x0000000084400000, 0x0000000084400000| Untracked 
|  57|0x0000000084500000, 0x0000000084500000, 0x0000000084600000|  0%| F|  |TAMS 0x0000000084500000, 0x0000000084500000| Untracked 
|  58|0x0000000084600000, 0x0000000084600000, 0x0000000084700000|  0%| F|  |TAMS 0x0000000084600000, 0x0000000084600000| Untracked 
|  59|0x0000000084700000, 0x0000000084700000, 0x0000000084800000|  0%| F|  |TAMS 0x0000000084700000, 0x0000000084700000| Untracked 
|  60|0x0000000084800000, 0x0000000084900000, 0x0000000084900000|100%| O|  |TAMS 0x0000000084900000, 0x0000000084800000| Untracked 
|  61|0x0000000084900000, 0x0000000084a00000, 0x0000000084a00000|100%| O|  |TAMS 0x0000000084a00000, 0x0000000084900000| Untracked 
|  62|0x0000000084a00000, 0x0000000084b00000, 0x0000000084b00000|100%| O|  |TAMS 0x0000000084b00000, 0x0000000084a00000| Untracked 
|  63|0x0000000084b00000, 0x0000000084c00000, 0x0000000084c00000|100%| O|  |TAMS 0x0000000084c00000, 0x0000000084b00000| Untracked 
|  64|0x0000000084c00000, 0x0000000084d00000, 0x0000000084d00000|100%| O|  |TAMS 0x0000000084d00000, 0x0000000084c00000| Untracked 
|  65|0x0000000084d00000, 0x0000000084e00000, 0x0000000084e00000|100%| O|  |TAMS 0x0000000084e00000, 0x0000000084d00000| Untracked 
|  66|0x0000000084e00000, 0x0000000084f00000, 0x0000000084f00000|100%| O|  |TAMS 0x0000000084f00000, 0x0000000084e00000| Untracked 
|  67|0x0000000084f00000, 0x0000000085000000, 0x0000000085000000|100%| O|  |TAMS 0x0000000085000000, 0x0000000084f00000| Untracked 
|  68|0x0000000085000000, 0x0000000085100000, 0x0000000085100000|100%| O|  |TAMS 0x0000000085100000, 0x0000000085000000| Untracked 
|  69|0x0000000085100000, 0x0000000085100000, 0x0000000085200000|  0%| F|  |TAMS 0x0000000085100000, 0x0000000085100000| Untracked 
|  70|0x0000000085200000, 0x0000000085200000, 0x0000000085300000|  0%| F|  |TAMS 0x0000000085200000, 0x0000000085200000| Untracked 
|  71|0x0000000085300000, 0x0000000085400000, 0x0000000085400000|100%| O|  |TAMS 0x0000000085400000, 0x0000000085300000| Untracked 
|  72|0x0000000085400000, 0x0000000085463c00, 0x0000000085500000| 38%| O|  |TAMS 0x0000000085463c00, 0x0000000085400000| Untracked 
|  73|0x0000000085500000, 0x0000000085500000, 0x0000000085600000|  0%| F|  |TAMS 0x0000000085500000, 0x0000000085500000| Untracked 
|  74|0x0000000085600000, 0x0000000085600000, 0x0000000085700000|  0%| F|  |TAMS 0x0000000085600000, 0x0000000085600000| Untracked 
|  75|0x0000000085700000, 0x0000000085700000, 0x0000000085800000|  0%| F|  |TAMS 0x0000000085700000, 0x0000000085700000| Untracked 
|  76|0x0000000085800000, 0x0000000085800000, 0x0000000085900000|  0%| F|  |TAMS 0x0000000085800000, 0x0000000085800000| Untracked 
|  77|0x0000000085900000, 0x0000000085900000, 0x0000000085a00000|  0%| F|  |TAMS 0x0000000085900000, 0x0000000085900000| Untracked 
|  78|0x0000000085a00000, 0x0000000085a00000, 0x0000000085b00000|  0%| F|  |TAMS 0x0000000085a00000, 0x0000000085a00000| Untracked 
|  79|0x0000000085b00000, 0x0000000085b00000, 0x0000000085c00000|  0%| F|  |TAMS 0x0000000085b00000, 0x0000000085b00000| Untracked 
|  80|0x0000000085c00000, 0x0000000085c00000, 0x0000000085d00000|  0%| F|  |TAMS 0x0000000085c00000, 0x0000000085c00000| Untracked 
|  81|0x0000000085d00000, 0x0000000085d00000, 0x0000000085e00000|  0%| F|  |TAMS 0x0000000085d00000, 0x0000000085d00000| Untracked 
|  82|0x0000000085e00000, 0x0000000085e00000, 0x0000000085f00000|  0%| F|  |TAMS 0x0000000085e00000, 0x0000000085e00000| Untracked 
|  83|0x0000000085f00000, 0x0000000085f00000, 0x0000000086000000|  0%| F|  |TAMS 0x0000000085f00000, 0x0000000085f00000| Untracked 
|  84|0x0000000086000000, 0x0000000086000000, 0x0000000086100000|  0%| F|  |TAMS 0x0000000086000000, 0x0000000086000000| Untracked 
|  85|0x0000000086100000, 0x0000000086100000, 0x0000000086200000|  0%| F|  |TAMS 0x0000000086100000, 0x0000000086100000| Untracked 
|  86|0x0000000086200000, 0x0000000086200000, 0x0000000086300000|  0%| F|  |TAMS 0x0000000086200000, 0x0000000086200000| Untracked 
|  87|0x0000000086300000, 0x0000000086300000, 0x0000000086400000|  0%| F|  |TAMS 0x0000000086300000, 0x0000000086300000| Untracked 
|  88|0x0000000086400000, 0x000000008643aaa0, 0x0000000086500000| 22%| S|CS|TAMS 0x0000000086400000, 0x0000000086400000| Complete 
|  89|0x0000000086500000, 0x0000000086600000, 0x0000000086600000|100%| S|CS|TAMS 0x0000000086500000, 0x0000000086500000| Complete 
|  90|0x0000000086600000, 0x0000000086700000, 0x0000000086700000|100%| S|CS|TAMS 0x0000000086600000, 0x0000000086600000| Complete 
|  91|0x0000000086700000, 0x0000000086800000, 0x0000000086800000|100%| S|CS|TAMS 0x0000000086700000, 0x0000000086700000| Complete 
|  92|0x0000000086800000, 0x0000000086900000, 0x0000000086900000|100%| S|CS|TAMS 0x0000000086800000, 0x0000000086800000| Complete 
|  93|0x0000000086900000, 0x0000000086900000, 0x0000000086a00000|  0%| F|  |TAMS 0x0000000086900000, 0x0000000086900000| Untracked 
|  94|0x0000000086a00000, 0x0000000086a00000, 0x0000000086b00000|  0%| F|  |TAMS 0x0000000086a00000, 0x0000000086a00000| Untracked 
|  95|0x0000000086b00000, 0x0000000086b00000, 0x0000000086c00000|  0%| F|  |TAMS 0x0000000086b00000, 0x0000000086b00000| Untracked 
|  96|0x0000000086c00000, 0x0000000086c00000, 0x0000000086d00000|  0%| F|  |TAMS 0x0000000086c00000, 0x0000000086c00000| Untracked 
|  97|0x0000000086d00000, 0x0000000086e00000, 0x0000000086e00000|100%| S|CS|TAMS 0x0000000086d00000, 0x0000000086d00000| Complete 
|  98|0x0000000086e00000, 0x0000000086e00000, 0x0000000086f00000|  0%| F|  |TAMS 0x0000000086e00000, 0x0000000086e00000| Untracked 
|  99|0x0000000086f00000, 0x0000000086f00000, 0x0000000087000000|  0%| F|  |TAMS 0x0000000086f00000, 0x0000000086f00000| Untracked 
| 100|0x0000000087000000, 0x0000000087000000, 0x0000000087100000|  0%| F|  |TAMS 0x0000000087000000, 0x0000000087000000| Untracked 
| 101|0x0000000087100000, 0x0000000087100000, 0x0000000087200000|  0%| F|  |TAMS 0x0000000087100000, 0x0000000087100000| Untracked 
| 102|0x0000000087200000, 0x0000000087200000, 0x0000000087300000|  0%| F|  |TAMS 0x0000000087200000, 0x0000000087200000| Untracked 
| 103|0x0000000087300000, 0x0000000087300000, 0x0000000087400000|  0%| F|  |TAMS 0x0000000087300000, 0x0000000087300000| Untracked 
| 104|0x0000000087400000, 0x0000000087400000, 0x0000000087500000|  0%| F|  |TAMS 0x0000000087400000, 0x0000000087400000| Untracked 
| 105|0x0000000087500000, 0x0000000087500000, 0x0000000087600000|  0%| F|  |TAMS 0x0000000087500000, 0x0000000087500000| Untracked 
| 106|0x0000000087600000, 0x0000000087600000, 0x0000000087700000|  0%| F|  |TAMS 0x0000000087600000, 0x0000000087600000| Untracked 
| 107|0x0000000087700000, 0x0000000087700000, 0x0000000087800000|  0%| F|  |TAMS 0x0000000087700000, 0x0000000087700000| Untracked 
| 108|0x0000000087800000, 0x0000000087800000, 0x0000000087900000|  0%| F|  |TAMS 0x0000000087800000, 0x0000000087800000| Untracked 
| 109|0x0000000087900000, 0x0000000087900000, 0x0000000087a00000|  0%| F|  |TAMS 0x0000000087900000, 0x0000000087900000| Untracked 
| 110|0x0000000087a00000, 0x0000000087a00000, 0x0000000087b00000|  0%| F|  |TAMS 0x0000000087a00000, 0x0000000087a00000| Untracked 
| 111|0x0000000087b00000, 0x0000000087b00000, 0x0000000087c00000|  0%| F|  |TAMS 0x0000000087b00000, 0x0000000087b00000| Untracked 
| 112|0x0000000087c00000, 0x0000000087c00000, 0x0000000087d00000|  0%| F|  |TAMS 0x0000000087c00000, 0x0000000087c00000| Untracked 
| 113|0x0000000087d00000, 0x0000000087d00000, 0x0000000087e00000|  0%| F|  |TAMS 0x0000000087d00000, 0x0000000087d00000| Untracked 
| 114|0x0000000087e00000, 0x0000000087e00000, 0x0000000087f00000|  0%| F|  |TAMS 0x0000000087e00000, 0x0000000087e00000| Untracked 
| 115|0x0000000087f00000, 0x0000000087f00000, 0x0000000088000000|  0%| F|  |TAMS 0x0000000087f00000, 0x0000000087f00000| Untracked 
| 116|0x0000000088000000, 0x0000000088000000, 0x0000000088100000|  0%| F|  |TAMS 0x0000000088000000, 0x0000000088000000| Untracked 
| 117|0x0000000088100000, 0x0000000088100000, 0x0000000088200000|  0%| F|  |TAMS 0x0000000088100000, 0x0000000088100000| Untracked 
| 118|0x0000000088200000, 0x0000000088200000, 0x0000000088300000|  0%| F|  |TAMS 0x0000000088200000, 0x0000000088200000| Untracked 
| 119|0x0000000088300000, 0x0000000088300000, 0x0000000088400000|  0%| F|  |TAMS 0x0000000088300000, 0x0000000088300000| Untracked 
| 120|0x0000000088400000, 0x0000000088400000, 0x0000000088500000|  0%| F|  |TAMS 0x0000000088400000, 0x0000000088400000| Untracked 
| 121|0x0000000088500000, 0x0000000088500000, 0x0000000088600000|  0%| F|  |TAMS 0x0000000088500000, 0x0000000088500000| Untracked 
| 122|0x0000000088600000, 0x0000000088600000, 0x0000000088700000|  0%| F|  |TAMS 0x0000000088600000, 0x0000000088600000| Untracked 
| 123|0x0000000088700000, 0x0000000088700000, 0x0000000088800000|  0%| F|  |TAMS 0x0000000088700000, 0x0000000088700000| Untracked 
| 124|0x0000000088800000, 0x0000000088800000, 0x0000000088900000|  0%| F|  |TAMS 0x0000000088800000, 0x0000000088800000| Untracked 
| 125|0x0000000088900000, 0x0000000088900000, 0x0000000088a00000|  0%| F|  |TAMS 0x0000000088900000, 0x0000000088900000| Untracked 
| 126|0x0000000088a00000, 0x0000000088a00000, 0x0000000088b00000|  0%| F|  |TAMS 0x0000000088a00000, 0x0000000088a00000| Untracked 
| 127|0x0000000088b00000, 0x0000000088b00000, 0x0000000088c00000|  0%| F|  |TAMS 0x0000000088b00000, 0x0000000088b00000| Untracked 
| 128|0x0000000088c00000, 0x0000000088c00000, 0x0000000088d00000|  0%| F|  |TAMS 0x0000000088c00000, 0x0000000088c00000| Untracked 
| 129|0x0000000088d00000, 0x0000000088d00000, 0x0000000088e00000|  0%| F|  |TAMS 0x0000000088d00000, 0x0000000088d00000| Untracked 
| 130|0x0000000088e00000, 0x0000000088e00000, 0x0000000088f00000|  0%| F|  |TAMS 0x0000000088e00000, 0x0000000088e00000| Untracked 
| 131|0x0000000088f00000, 0x0000000088f00000, 0x0000000089000000|  0%| F|  |TAMS 0x0000000088f00000, 0x0000000088f00000| Untracked 
| 132|0x0000000089000000, 0x0000000089000000, 0x0000000089100000|  0%| F|  |TAMS 0x0000000089000000, 0x0000000089000000| Untracked 
| 133|0x0000000089100000, 0x0000000089100000, 0x0000000089200000|  0%| F|  |TAMS 0x0000000089100000, 0x0000000089100000| Untracked 
| 134|0x0000000089200000, 0x0000000089200000, 0x0000000089300000|  0%| F|  |TAMS 0x0000000089200000, 0x0000000089200000| Untracked 
| 135|0x0000000089300000, 0x0000000089300000, 0x0000000089400000|  0%| F|  |TAMS 0x0000000089300000, 0x0000000089300000| Untracked 
| 136|0x0000000089400000, 0x0000000089400000, 0x0000000089500000|  0%| F|  |TAMS 0x0000000089400000, 0x0000000089400000| Untracked 
| 137|0x0000000089500000, 0x0000000089500000, 0x0000000089600000|  0%| F|  |TAMS 0x0000000089500000, 0x0000000089500000| Untracked 
| 138|0x0000000089600000, 0x0000000089600000, 0x0000000089700000|  0%| F|  |TAMS 0x0000000089600000, 0x0000000089600000| Untracked 
| 139|0x0000000089700000, 0x0000000089700000, 0x0000000089800000|  0%| F|  |TAMS 0x0000000089700000, 0x0000000089700000| Untracked 
| 140|0x0000000089800000, 0x0000000089800000, 0x0000000089900000|  0%| F|  |TAMS 0x0000000089800000, 0x0000000089800000| Untracked 
| 141|0x0000000089900000, 0x0000000089900000, 0x0000000089a00000|  0%| F|  |TAMS 0x0000000089900000, 0x0000000089900000| Untracked 
| 142|0x0000000089a00000, 0x0000000089a00000, 0x0000000089b00000|  0%| F|  |TAMS 0x0000000089a00000, 0x0000000089a00000| Untracked 
| 143|0x0000000089b00000, 0x0000000089b00000, 0x0000000089c00000|  0%| F|  |TAMS 0x0000000089b00000, 0x0000000089b00000| Untracked 
| 144|0x0000000089c00000, 0x0000000089c00000, 0x0000000089d00000|  0%| F|  |TAMS 0x0000000089c00000, 0x0000000089c00000| Untracked 
| 145|0x0000000089d00000, 0x0000000089d00000, 0x0000000089e00000|  0%| F|  |TAMS 0x0000000089d00000, 0x0000000089d00000| Untracked 
| 146|0x0000000089e00000, 0x0000000089e00000, 0x0000000089f00000|  0%| F|  |TAMS 0x0000000089e00000, 0x0000000089e00000| Untracked 
| 147|0x0000000089f00000, 0x0000000089f00000, 0x000000008a000000|  0%| F|  |TAMS 0x0000000089f00000, 0x0000000089f00000| Untracked 
| 148|0x000000008a000000, 0x000000008a000000, 0x000000008a100000|  0%| F|  |TAMS 0x000000008a000000, 0x000000008a000000| Untracked 
| 149|0x000000008a100000, 0x000000008a100000, 0x000000008a200000|  0%| F|  |TAMS 0x000000008a100000, 0x000000008a100000| Untracked 
| 150|0x000000008a200000, 0x000000008a200000, 0x000000008a300000|  0%| F|  |TAMS 0x000000008a200000, 0x000000008a200000| Untracked 
| 151|0x000000008a300000, 0x000000008a300000, 0x000000008a400000|  0%| F|  |TAMS 0x000000008a300000, 0x000000008a300000| Untracked 
| 152|0x000000008a400000, 0x000000008a400000, 0x000000008a500000|  0%| F|  |TAMS 0x000000008a400000, 0x000000008a400000| Untracked 
| 153|0x000000008a500000, 0x000000008a500000, 0x000000008a600000|  0%| F|  |TAMS 0x000000008a500000, 0x000000008a500000| Untracked 
| 154|0x000000008a600000, 0x000000008a600000, 0x000000008a700000|  0%| F|  |TAMS 0x000000008a600000, 0x000000008a600000| Untracked 
| 155|0x000000008a700000, 0x000000008a800000, 0x000000008a800000|100%|HS|  |TAMS 0x000000008a800000, 0x000000008a700000| Complete 
| 156|0x000000008a800000, 0x000000008a900000, 0x000000008a900000|100%|HC|  |TAMS 0x000000008a900000, 0x000000008a800000| Complete 
| 157|0x000000008a900000, 0x000000008aa00000, 0x000000008aa00000|100%|HC|  |TAMS 0x000000008aa00000, 0x000000008a900000| Complete 
| 158|0x000000008aa00000, 0x000000008ab00000, 0x000000008ab00000|100%|HC|  |TAMS 0x000000008ab00000, 0x000000008aa00000| Complete 
| 159|0x000000008ab00000, 0x000000008ac00000, 0x000000008ac00000|100%|HC|  |TAMS 0x000000008ac00000, 0x000000008ab00000| Complete 
| 160|0x000000008ac00000, 0x000000008ad00000, 0x000000008ad00000|100%|HC|  |TAMS 0x000000008ad00000, 0x000000008ac00000| Complete 
| 161|0x000000008ad00000, 0x000000008ae00000, 0x000000008ae00000|100%|HC|  |TAMS 0x000000008ae00000, 0x000000008ad00000| Complete 
| 162|0x000000008ae00000, 0x000000008af00000, 0x000000008af00000|100%|HC|  |TAMS 0x000000008af00000, 0x000000008ae00000| Complete 
| 163|0x000000008af00000, 0x000000008b000000, 0x000000008b000000|100%|HC|  |TAMS 0x000000008b000000, 0x000000008af00000| Complete 
| 164|0x000000008b000000, 0x000000008b100000, 0x000000008b100000|100%|HC|  |TAMS 0x000000008b100000, 0x000000008b000000| Complete 
| 165|0x000000008b100000, 0x000000008b200000, 0x000000008b200000|100%|HC|  |TAMS 0x000000008b200000, 0x000000008b100000| Complete 
| 166|0x000000008b200000, 0x000000008b300000, 0x000000008b300000|100%|HC|  |TAMS 0x000000008b300000, 0x000000008b200000| Complete 
| 167|0x000000008b300000, 0x000000008b400000, 0x000000008b400000|100%|HC|  |TAMS 0x000000008b400000, 0x000000008b300000| Complete 
| 168|0x000000008b400000, 0x000000008b500000, 0x000000008b500000|100%|HC|  |TAMS 0x000000008b500000, 0x000000008b400000| Complete 
| 169|0x000000008b500000, 0x000000008b600000, 0x000000008b600000|100%|HC|  |TAMS 0x000000008b600000, 0x000000008b500000| Complete 
| 170|0x000000008b600000, 0x000000008b700000, 0x000000008b700000|100%|HC|  |TAMS 0x000000008b700000, 0x000000008b600000| Complete 
| 171|0x000000008b700000, 0x000000008b800000, 0x000000008b800000|100%|HC|  |TAMS 0x000000008b800000, 0x000000008b700000| Complete 
| 172|0x000000008b800000, 0x000000008b900000, 0x000000008b900000|100%|HS|  |TAMS 0x000000008b900000, 0x000000008b800000| Complete 
| 173|0x000000008b900000, 0x000000008ba00000, 0x000000008ba00000|100%|HC|  |TAMS 0x000000008ba00000, 0x000000008b900000| Complete 
| 174|0x000000008ba00000, 0x000000008bb00000, 0x000000008bb00000|100%|HC|  |TAMS 0x000000008bb00000, 0x000000008ba00000| Complete 
| 175|0x000000008bb00000, 0x000000008bc00000, 0x000000008bc00000|100%|HC|  |TAMS 0x000000008bc00000, 0x000000008bb00000| Complete 
| 176|0x000000008bc00000, 0x000000008bd00000, 0x000000008bd00000|100%|HC|  |TAMS 0x000000008bd00000, 0x000000008bc00000| Complete 
| 177|0x000000008bd00000, 0x000000008be00000, 0x000000008be00000|100%|HC|  |TAMS 0x000000008be00000, 0x000000008bd00000| Complete 
| 178|0x000000008be00000, 0x000000008bf00000, 0x000000008bf00000|100%|HC|  |TAMS 0x000000008bf00000, 0x000000008be00000| Complete 
| 179|0x000000008bf00000, 0x000000008c000000, 0x000000008c000000|100%|HC|  |TAMS 0x000000008c000000, 0x000000008bf00000| Complete 
| 180|0x000000008c000000, 0x000000008c100000, 0x000000008c100000|100%|HC|  |TAMS 0x000000008c100000, 0x000000008c000000| Complete 
| 181|0x000000008c100000, 0x000000008c200000, 0x000000008c200000|100%|HC|  |TAMS 0x000000008c200000, 0x000000008c100000| Complete 
| 182|0x000000008c200000, 0x000000008c300000, 0x000000008c300000|100%|HC|  |TAMS 0x000000008c300000, 0x000000008c200000| Complete 
| 183|0x000000008c300000, 0x000000008c400000, 0x000000008c400000|100%|HC|  |TAMS 0x000000008c400000, 0x000000008c300000| Complete 
| 184|0x000000008c400000, 0x000000008c500000, 0x000000008c500000|100%|HC|  |TAMS 0x000000008c500000, 0x000000008c400000| Complete 
| 185|0x000000008c500000, 0x000000008c600000, 0x000000008c600000|100%|HC|  |TAMS 0x000000008c600000, 0x000000008c500000| Complete 
| 186|0x000000008c600000, 0x000000008c700000, 0x000000008c700000|100%|HC|  |TAMS 0x000000008c700000, 0x000000008c600000| Complete 
| 187|0x000000008c700000, 0x000000008c800000, 0x000000008c800000|100%|HC|  |TAMS 0x000000008c800000, 0x000000008c700000| Complete 
| 188|0x000000008c800000, 0x000000008c900000, 0x000000008c900000|100%|HC|  |TAMS 0x000000008c900000, 0x000000008c800000| Complete 
| 189|0x000000008c900000, 0x000000008ca00000, 0x000000008ca00000|100%|HS|  |TAMS 0x000000008ca00000, 0x000000008c900000| Complete 
| 190|0x000000008ca00000, 0x000000008cb00000, 0x000000008cb00000|100%|HC|  |TAMS 0x000000008cb00000, 0x000000008ca00000| Complete 
| 191|0x000000008cb00000, 0x000000008cc00000, 0x000000008cc00000|100%|HC|  |TAMS 0x000000008cc00000, 0x000000008cb00000| Complete 
| 192|0x000000008cc00000, 0x000000008cd00000, 0x000000008cd00000|100%|HC|  |TAMS 0x000000008cd00000, 0x000000008cc00000| Complete 
| 193|0x000000008cd00000, 0x000000008ce00000, 0x000000008ce00000|100%|HC|  |TAMS 0x000000008ce00000, 0x000000008cd00000| Complete 
| 194|0x000000008ce00000, 0x000000008cf00000, 0x000000008cf00000|100%|HC|  |TAMS 0x000000008cf00000, 0x000000008ce00000| Complete 
| 195|0x000000008cf00000, 0x000000008d000000, 0x000000008d000000|100%|HC|  |TAMS 0x000000008d000000, 0x000000008cf00000| Complete 
| 196|0x000000008d000000, 0x000000008d100000, 0x000000008d100000|100%|HC|  |TAMS 0x000000008d100000, 0x000000008d000000| Complete 
| 197|0x000000008d100000, 0x000000008d200000, 0x000000008d200000|100%|HC|  |TAMS 0x000000008d200000, 0x000000008d100000| Complete 
| 198|0x000000008d200000, 0x000000008d300000, 0x000000008d300000|100%|HC|  |TAMS 0x000000008d300000, 0x000000008d200000| Complete 
| 199|0x000000008d300000, 0x000000008d400000, 0x000000008d400000|100%|HC|  |TAMS 0x000000008d400000, 0x000000008d300000| Complete 
| 200|0x000000008d400000, 0x000000008d500000, 0x000000008d500000|100%|HC|  |TAMS 0x000000008d500000, 0x000000008d400000| Complete 
| 201|0x000000008d500000, 0x000000008d600000, 0x000000008d600000|100%|HC|  |TAMS 0x000000008d600000, 0x000000008d500000| Complete 
| 202|0x000000008d600000, 0x000000008d700000, 0x000000008d700000|100%|HC|  |TAMS 0x000000008d700000, 0x000000008d600000| Complete 
| 203|0x000000008d700000, 0x000000008d800000, 0x000000008d800000|100%|HC|  |TAMS 0x000000008d800000, 0x000000008d700000| Complete 
| 204|0x000000008d800000, 0x000000008d900000, 0x000000008d900000|100%|HC|  |TAMS 0x000000008d900000, 0x000000008d800000| Complete 
| 205|0x000000008d900000, 0x000000008da00000, 0x000000008da00000|100%|HC|  |TAMS 0x000000008da00000, 0x000000008d900000| Complete 
| 206|0x000000008da00000, 0x000000008db00000, 0x000000008db00000|100%|HS|  |TAMS 0x000000008db00000, 0x000000008da00000| Complete 
| 207|0x000000008db00000, 0x000000008dc00000, 0x000000008dc00000|100%|HC|  |TAMS 0x000000008dc00000, 0x000000008db00000| Complete 
| 208|0x000000008dc00000, 0x000000008dd00000, 0x000000008dd00000|100%|HC|  |TAMS 0x000000008dd00000, 0x000000008dc00000| Complete 
| 209|0x000000008dd00000, 0x000000008de00000, 0x000000008de00000|100%|HC|  |TAMS 0x000000008de00000, 0x000000008dd00000| Complete 
| 210|0x000000008de00000, 0x000000008df00000, 0x000000008df00000|100%|HC|  |TAMS 0x000000008df00000, 0x000000008de00000| Complete 
| 211|0x000000008df00000, 0x000000008e000000, 0x000000008e000000|100%|HC|  |TAMS 0x000000008e000000, 0x000000008df00000| Complete 
| 212|0x000000008e000000, 0x000000008e100000, 0x000000008e100000|100%|HC|  |TAMS 0x000000008e100000, 0x000000008e000000| Complete 
| 213|0x000000008e100000, 0x000000008e200000, 0x000000008e200000|100%|HC|  |TAMS 0x000000008e200000, 0x000000008e100000| Complete 
| 214|0x000000008e200000, 0x000000008e300000, 0x000000008e300000|100%|HC|  |TAMS 0x000000008e300000, 0x000000008e200000| Complete 
| 215|0x000000008e300000, 0x000000008e400000, 0x000000008e400000|100%|HC|  |TAMS 0x000000008e400000, 0x000000008e300000| Complete 
| 216|0x000000008e400000, 0x000000008e500000, 0x000000008e500000|100%|HC|  |TAMS 0x000000008e500000, 0x000000008e400000| Complete 
| 217|0x000000008e500000, 0x000000008e600000, 0x000000008e600000|100%|HC|  |TAMS 0x000000008e600000, 0x000000008e500000| Complete 
| 218|0x000000008e600000, 0x000000008e700000, 0x000000008e700000|100%|HC|  |TAMS 0x000000008e700000, 0x000000008e600000| Complete 
| 219|0x000000008e700000, 0x000000008e800000, 0x000000008e800000|100%|HC|  |TAMS 0x000000008e800000, 0x000000008e700000| Complete 
| 220|0x000000008e800000, 0x000000008e900000, 0x000000008e900000|100%|HC|  |TAMS 0x000000008e900000, 0x000000008e800000| Complete 
| 221|0x000000008e900000, 0x000000008ea00000, 0x000000008ea00000|100%|HC|  |TAMS 0x000000008ea00000, 0x000000008e900000| Complete 
| 222|0x000000008ea00000, 0x000000008eb00000, 0x000000008eb00000|100%|HC|  |TAMS 0x000000008eb00000, 0x000000008ea00000| Complete 
| 223|0x000000008eb00000, 0x000000008ec00000, 0x000000008ec00000|100%| O|  |TAMS 0x000000008ec00000, 0x000000008eb00000| Untracked 

Card table byte_map: [0x000001a8fb330000,0x000001a8fb730000] _byte_map_base: 0x000001a8faf2a000

Marking Bits (Prev, Next): (CMBitMap*) 0x000001a8de0dadc0, (CMBitMap*) 0x000001a8de0dad88
 Prev Bits: [0x000001a8fdb00000, 0x000001a8ffad0000)
 Next Bits: [0x000001a8fbb30000, 0x000001a8fdb00000)

Polling page: 0x000001a8dc030000

Metaspace:

Usage:
  Non-class:     53.41 MB capacity,    52.24 MB ( 98%) used,   943.90 KB (  2%) free+waste,   256.50 KB ( <1%) overhead. 
      Class:      8.57 MB capacity,     7.76 MB ( 91%) used,   704.00 KB (  8%) free+waste,   120.63 KB (  1%) overhead. 
       Both:     61.98 MB capacity,    60.00 MB ( 97%) used,     1.61 MB (  3%) free+waste,   377.13 KB ( <1%) overhead. 

Virtual space:
  Non-class space:       54.00 MB reserved,      53.50 MB (>99%) committed 
      Class space:        1.00 GB reserved,       8.63 MB ( <1%) committed 
             Both:        1.05 GB reserved,      62.13 MB (  6%) committed 

Chunk freelists:
   Non-Class:  27.00 KB
       Class:  27.00 KB
        Both:  54.00 KB

MaxMetaspaceSize: 17179869184.00 GB
CompressedClassSpaceSize: 1.00 GB
Initial GC threshold: 20.80 MB
Current GC threshold: 97.29 MB
CDS: on

CodeHeap 'non-profiled nmethods': size=161024Kb used=2682Kb max_used=2682Kb free=158341Kb
 bounds [0x000001a8f11f0000, 0x000001a8f21f0000, 0x000001a8faf30000]
CodeHeap 'profiled nmethods': size=160960Kb used=15119Kb max_used=15119Kb free=145840Kb
 bounds [0x000001a8e74c0000, 0x000001a8e84c0000, 0x000001a8f11f0000]
CodeHeap 'non-nmethods': size=5696Kb used=1325Kb max_used=1337Kb free=4371Kb
 bounds [0x000001a8e6f30000, 0x000001a8e74c0000, 0x000001a8e74c0000]
 total_blobs=6218 nmethods=5611 adapters=515
 compilation: enabled
              stopped_count=0, restarted_count=0
 full_count=0

JVMCI Events (8 events):
Event: 0.019 Thread 0x000001a8de099800 created new JVMCI runtime 0 (0x000001a88215ef70)
Event: 0.019 Thread 0x000001a8de099800 created new JVMCI runtime -1 (0x000001a88215f7b0)
Event: 0.078 Thread 0x000001a88218d800 loaded JVMCI shared library from C:\Program Files\Java\graalvm-ce-java11-20.3.3\bin\jvmcicompiler.dll
Event: 0.092 Thread 0x000001a88218d800 created JavaVM[1]@0x000001a8836a8098 for JVMCI runtime 0
Event: 0.092 Thread 0x000001a88218d800 initializing JVMCI runtime 0
Event: 0.094 Thread 0x000001a88218d800 initialized JVMCI runtime 0
Event: 1.126 Thread 0x000001a882b78000 initializing JVMCI runtime -1
Event: 1.131 Thread 0x000001a882b78000 initialized JVMCI runtime -1

Compilation events (20 events):
Event: 16.119 Thread 0x000001a88218f000 nmethod 5639 0x000001a8e837cd10 code [0x000001a8e837cec0, 0x000001a8e837d328]
Event: 16.120 Thread 0x000001a88218f000 5640       3       org.springframework.core.MethodParameter::<init> (35 bytes)
Event: 16.120 Thread 0x000001a88218f000 nmethod 5640 0x000001a8e837d490 code [0x000001a8e837d700, 0x000001a8e837e338]
Event: 16.120 Thread 0x000001a88218f000 5641       3       java.lang.ThreadLocal$ThreadLocalMap::cleanSomeSlots (60 bytes)
Event: 16.121 Thread 0x000001a88218f000 nmethod 5641 0x000001a8e837e790 code [0x000001a8e837e960, 0x000001a8e837ef28]
Event: 16.121 Thread 0x000001a88218f000 5642       3       org.springframework.util.ReflectionUtils::makeAccessible (36 bytes)
Event: 16.121 Thread 0x000001a89b6c7800 nmethod 5635 0x000001a8f148a310 code [0x000001a8f148a4e0, 0x000001a8f148aab0]
Event: 16.121 Thread 0x000001a89b6c7800 5636       4       java.lang.Class::getMethodsRecursive (99 bytes)
Event: 16.121 Thread 0x000001a88218f000 nmethod 5642 0x000001a8e837f110 code [0x000001a8e837f340, 0x000001a8e8380038]
Event: 16.131 Thread 0x000001a88218d800 nmethod 5633 0x000001a8f148ae90 code [0x000001a8f148b0e0, 0x000001a8f148c270]
Event: 16.143 Thread 0x000001a88218d800 5643       4       java.lang.reflect.Method::getGenericParameterTypes (5 bytes)
Event: 16.156 Thread 0x000001a88218d800 nmethod 5643 0x000001a8f148cd10 code [0x000001a8f148cf20, 0x000001a8f148dd30]
Event: 16.163 Thread 0x000001a88218f000 5644       1       org.springframework.web.util.pattern.PathPatternParser::getPathOptions (5 bytes)
Event: 16.163 Thread 0x000001a88218f000 nmethod 5644 0x000001a8f148e310 code [0x000001a8f148e4a0, 0x000001a8f148e578]
Event: 16.163 Thread 0x000001a88218f000 5645       1       org.springframework.http.server.PathContainer$Options::separator (5 bytes)
Event: 16.163 Thread 0x000001a88218f000 nmethod 5645 0x000001a8f148e610 code [0x000001a8f148e7a0, 0x000001a8f148e878]
Event: 16.178 Thread 0x000001a88218f000 5646       3       java.lang.invoke.MethodHandles$Lookup::linkMethodHandleConstant (220 bytes)
Event: 16.180 Thread 0x000001a88218f000 nmethod 5646 0x000001a8e8380310 code [0x000001a8e83806e0, 0x000001a8e8382f78]
Event: 16.189 Thread 0x000001a88218f000 5647       3       java.util.regex.Pattern$SliceNode::<init> (10 bytes)
Event: 16.190 Thread 0x000001a88218f000 nmethod 5647 0x000001a8e8383810 code [0x000001a8e83839c0, 0x000001a8e8383c58]

GC Heap History (20 events):
Event: 0.302 GC heap after
{Heap after GC invocations=1 (full 0):
 garbage-first heap   total 131072K, used 3209K [0x0000000080c00000, 0x0000000100000000)
  region size 1024K, 2 young (2048K), 2 survivors (2048K)
 Metaspace       used 2302K, capacity 5206K, committed 5504K, reserved 1056768K
  class space    used 232K, capacity 526K, committed 640K, reserved 1048576K
}
Event: 0.593 GC heap before
{Heap before GC invocations=1 (full 0):
 garbage-first heap   total 131072K, used 15497K [0x0000000080c00000, 0x0000000100000000)
  region size 1024K, 14 young (14336K), 2 survivors (2048K)
 Metaspace       used 2619K, capacity 5278K, committed 5504K, reserved 1056768K
  class space    used 250K, capacity 530K, committed 640K, reserved 1048576K
}
Event: 0.597 GC heap after
{Heap after GC invocations=2 (full 0):
 garbage-first heap   total 131072K, used 9797K [0x0000000080c00000, 0x0000000100000000)
  region size 1024K, 2 young (2048K), 2 survivors (2048K)
 Metaspace       used 2619K, capacity 5278K, committed 5504K, reserved 1056768K
  class space    used 250K, capacity 530K, committed 640K, reserved 1048576K
}
Event: 1.365 GC heap before
{Heap before GC invocations=2 (full 0):
 garbage-first heap   total 131072K, used 37445K [0x0000000080c00000, 0x0000000100000000)
  region size 1024K, 29 young (29696K), 2 survivors (2048K)
 Metaspace       used 9082K, capacity 9673K, committed 9728K, reserved 1058816K
  class space    used 1039K, capacity 1254K, committed 1280K, reserved 1048576K
}
Event: 1.370 GC heap after
{Heap after GC invocations=3 (full 0):
 garbage-first heap   total 131072K, used 11150K [0x0000000080c00000, 0x0000000100000000)
  region size 1024K, 4 young (4096K), 4 survivors (4096K)
 Metaspace       used 9082K, capacity 9673K, committed 9728K, reserved 1058816K
  class space    used 1039K, capacity 1254K, committed 1280K, reserved 1048576K
}
Event: 2.958 GC heap before
{Heap before GC invocations=3 (full 0):
 garbage-first heap   total 131072K, used 52110K [0x0000000080c00000, 0x0000000100000000)
  region size 1024K, 44 young (45056K), 4 survivors (4096K)
 Metaspace       used 15067K, capacity 15797K, committed 16000K, reserved 1062912K
  class space    used 1876K, capacity 2168K, committed 2176K, reserved 1048576K
}
Event: 2.963 GC heap after
{Heap after GC invocations=4 (full 0):
 garbage-first heap   total 131072K, used 13075K [0x0000000080c00000, 0x0000000100000000)
  region size 1024K, 4 young (4096K), 4 survivors (4096K)
 Metaspace       used 15067K, capacity 15797K, committed 16000K, reserved 1062912K
  class space    used 1876K, capacity 2168K, committed 2176K, reserved 1048576K
}
Event: 3.719 GC heap before
{Heap before GC invocations=4 (full 0):
 garbage-first heap   total 131072K, used 55059K [0x0000000080c00000, 0x0000000100000000)
  region size 1024K, 46 young (47104K), 4 survivors (4096K)
 Metaspace       used 20370K, capacity 21228K, committed 21248K, reserved 1067008K
  class space    used 2683K, capacity 3054K, committed 3072K, reserved 1048576K
}
Event: 3.731 GC heap after
{Heap after GC invocations=5 (full 0):
 garbage-first heap   total 131072K, used 14692K [0x0000000080c00000, 0x0000000100000000)
  region size 1024K, 5 young (5120K), 5 survivors (5120K)
 Metaspace       used 20370K, capacity 21228K, committed 21248K, reserved 1067008K
  class space    used 2683K, capacity 3054K, committed 3072K, reserved 1048576K
}
Event: 5.305 GC heap before
{Heap before GC invocations=6 (full 0):
 garbage-first heap   total 131072K, used 87396K [0x0000000080c00000, 0x0000000100000000)
  region size 1024K, 76 young (77824K), 5 survivors (5120K)
 Metaspace       used 28321K, capacity 29379K, committed 29696K, reserved 1075200K
  class space    used 3588K, capacity 3991K, committed 4096K, reserved 1048576K
}
Event: 5.322 GC heap after
{Heap after GC invocations=7 (full 0):
 garbage-first heap   total 158720K, used 16945K [0x0000000080c00000, 0x0000000100000000)
  region size 1024K, 7 young (7168K), 7 survivors (7168K)
 Metaspace       used 28321K, capacity 29379K, committed 29696K, reserved 1075200K
  class space    used 3588K, capacity 3991K, committed 4096K, reserved 1048576K
}
Event: 7.267 GC heap before
{Heap before GC invocations=7 (full 0):
 garbage-first heap   total 158720K, used 78385K [0x0000000080c00000, 0x0000000100000000)
  region size 1024K, 68 young (69632K), 7 survivors (7168K)
 Metaspace       used 34446K, capacity 35748K, committed 35840K, reserved 1079296K
  class space    used 4522K, capacity 5028K, committed 5120K, reserved 1048576K
}
Event: 7.288 GC heap after
{Heap after GC invocations=8 (full 0):
 garbage-first heap   total 158720K, used 19655K [0x0000000080c00000, 0x0000000100000000)
  region size 1024K, 7 young (7168K), 7 survivors (7168K)
 Metaspace       used 34446K, capacity 35748K, committed 35840K, reserved 1079296K
  class space    used 4522K, capacity 5028K, committed 5120K, reserved 1048576K
}
Event: 9.993 GC heap before
{Heap before GC invocations=9 (full 0):
 garbage-first heap   total 158720K, used 100551K [0x0000000080c00000, 0x0000000100000000)
  region size 1024K, 86 young (88064K), 7 survivors (7168K)
 Metaspace       used 42942K, capacity 44404K, committed 44672K, reserved 1087488K
  class space    used 5684K, capacity 6256K, committed 6272K, reserved 1048576K
}
Event: 10.008 GC heap after
{Heap after GC invocations=10 (full 0):
 garbage-first heap   total 158720K, used 22940K [0x0000000080c00000, 0x0000000100000000)
  region size 1024K, 9 young (9216K), 9 survivors (9216K)
 Metaspace       used 42942K, capacity 44404K, committed 44672K, reserved 1087488K
  class space    used 5684K, capacity 6256K, committed 6272K, reserved 1048576K
}
Event: 12.568 GC heap before
{Heap before GC invocations=10 (full 0):
 garbage-first heap   total 228352K, used 213404K [0x0000000080c00000, 0x0000000100000000)
  region size 1024K, 93 young (95232K), 9 survivors (9216K)
 Metaspace       used 51921K, capacity 53748K, committed 54016K, reserved 1095680K
  class space    used 6844K, capacity 7565K, committed 7680K, reserved 1048576K
}
Event: 12.613 GC heap after
{Heap after GC invocations=11 (full 0):
 garbage-first heap   total 229376K, used 133091K [0x0000000080c00000, 0x0000000100000000)
  region size 1024K, 12 young (12288K), 12 survivors (12288K)
 Metaspace       used 51921K, capacity 53748K, committed 54016K, reserved 1095680K
  class space    used 6844K, capacity 7565K, committed 7680K, reserved 1048576K
}
Event: 15.061 GC heap before
{Heap before GC invocations=11 (full 0):
 garbage-first heap   total 229376K, used 192483K [0x0000000080c00000, 0x0000000100000000)
  region size 1024K, 70 young (71680K), 12 survivors (12288K)
 Metaspace       used 56837K, capacity 58705K, committed 58880K, reserved 1099776K
  class space    used 7372K, capacity 8105K, committed 8192K, reserved 1048576K
}
Event: 15.114 GC heap after
{Heap after GC invocations=12 (full 0):
 garbage-first heap   total 229376K, used 136079K [0x0000000080c00000, 0x0000000100000000)
  region size 1024K, 4 young (4096K), 4 survivors (4096K)
 Metaspace       used 56837K, capacity 58705K, committed 58880K, reserved 1099776K
  class space    used 7372K, capacity 8105K, committed 8192K, reserved 1048576K
}
Event: 16.199 GC heap before
{Heap before GC invocations=13 (full 0):
 garbage-first heap   total 229376K, used 194447K [0x0000000080c00000, 0x0000000100000000)
  region size 1024K, 61 young (62464K), 4 survivors (4096K)
 Metaspace       used 61440K, capacity 63466K, committed 63616K, reserved 1103872K
  class space    used 7948K, capacity 8773K, committed 8832K, reserved 1048576K
}

Deoptimization events (20 events):
Event: 15.840 Thread 0x000001a8de099800 DEOPT PACKING pc=0x000001a8e8337afd sp=0x0000003a583f5830
Event: 15.840 Thread 0x000001a8de099800 DEOPT UNPACKING pc=0x000001a8e6f7a771 sp=0x0000003a583f4c88 mode 0
Event: 15.840 Thread 0x000001a8de099800 DEOPT PACKING pc=0x000001a8e8337afd sp=0x0000003a583f5830
Event: 15.840 Thread 0x000001a8de099800 DEOPT UNPACKING pc=0x000001a8e6f7a771 sp=0x0000003a583f4c88 mode 0
Event: 15.898 Thread 0x000001a8de099800 Uncommon trap: trap_request=0xffffffed fr.pc=0x000001a8f12f138e relative=0x00000000000006ce
Event: 15.898 Thread 0x000001a8de099800 Uncommon trap: reason=null_assert_or_unreached0 action=reinterpret pc=0x000001a8f12f138e method=java.util.concurrent.ConcurrentHashMap.get(Ljava/lang/Object;)Ljava/lang/Object; @ 152 jvmci
Event: 15.898 Thread 0x000001a8de099800 DEOPT PACKING pc=0x000001a8f12f138e sp=0x0000003a583f5ec0
Event: 15.898 Thread 0x000001a8de099800 DEOPT UNPACKING pc=0x000001a8e6f7a771 sp=0x0000003a583f5368 mode 3
Event: 15.911 Thread 0x000001a8de099800 DEOPT PACKING pc=0x000001a8f13d4254 sp=0x0000003a583f5720
Event: 15.911 Thread 0x000001a8de099800 DEOPT UNPACKING pc=0x000001a8e6f7a771 sp=0x0000003a583f4bc8 mode 0
Event: 15.911 Thread 0x000001a8de099800 DEOPT PACKING pc=0x000001a8f1333e24 sp=0x0000003a583f5920
Event: 15.911 Thread 0x000001a8de099800 DEOPT UNPACKING pc=0x000001a8e6f7a771 sp=0x0000003a583f4da8 mode 0
Event: 16.016 Thread 0x000001a8de099800 Uncommon trap: trap_request=0xffffffe5 fr.pc=0x000001a8f1460b9c relative=0x000000000000063c
Event: 16.016 Thread 0x000001a8de099800 Uncommon trap: reason=range_check action=reinterpret pc=0x000001a8f1460b9c method=org.springframework.boot.context.properties.source.ConfigurationPropertyName$ElementsParser.parse()Lorg/springframework/boot/context/properties/source/ConfigurationPropertyN
Event: 16.016 Thread 0x000001a8de099800 DEOPT PACKING pc=0x000001a8f1460b9c sp=0x0000003a583f8de0
Event: 16.016 Thread 0x000001a8de099800 DEOPT UNPACKING pc=0x000001a8e6f7a771 sp=0x0000003a583f8220 mode 3
Event: 16.139 Thread 0x000001a8de099800 Uncommon trap: trap_request=0xffffffe5 fr.pc=0x000001a8f1448e9f relative=0x000000000000033f
Event: 16.139 Thread 0x000001a8de099800 Uncommon trap: reason=range_check action=reinterpret pc=0x000001a8f1448e9f method=java.util.regex.Matcher.reset()Ljava/util/regex/Matcher; @ 63 jvmci
Event: 16.139 Thread 0x000001a8de099800 DEOPT PACKING pc=0x000001a8f1448e9f sp=0x0000003a583f87d0
Event: 16.139 Thread 0x000001a8de099800 DEOPT UNPACKING pc=0x000001a8e6f7a771 sp=0x0000003a583f7c68 mode 3

Classes redefined (0 events):
No events

Internal exceptions (20 events):
Event: 16.044 Thread 0x000001a8de099800 Exception <a 'java/lang/ClassNotFoundException'{0x0000000087460b98}: java/lang/ObjectCustomizer> (0x0000000087460b98) thrown at [./src/hotspot/share/classfile/systemDictionary.cpp, line 228]
Event: 16.046 Thread 0x000001a8de099800 Exception <a 'java/lang/ClassNotFoundException'{0x00000000874880e0}: org/springframework/web/reactive/result/method/HandlerMethodArgumentResolverSupportCustomizer> (0x00000000874880e0) thrown at [./src/hotspot/share/classfile/systemDictionary.cpp, line 228]
Event: 16.047 Thread 0x000001a8de099800 Exception <a 'java/lang/ClassNotFoundException'{0x00000000874b3df8}: org/springframework/security/web/reactive/result/method/annotation/AuthenticationPrincipalArgumentResolverCustomizer> (0x00000000874b3df8) thrown at [./src/hotspot/share/classfile/systemDictionary.cpp, line 228]
Event: 16.051 Thread 0x000001a8de099800 Exception <a 'java/lang/ClassNotFoundException'{0x00000000874dc1d0}: org/springframework/web/reactive/result/method/HandlerMethodArgumentResolverCustomizer> (0x00000000874dc1d0) thrown at [./src/hotspot/share/classfile/systemDictionary.cpp, line 228]
Event: 16.053 Thread 0x000001a8de099800 Exception <a 'java/lang/ClassNotFoundException'{0x00000000874e6370}: java/lang/ObjectCustomizer> (0x00000000874e6370) thrown at [./src/hotspot/share/classfile/systemDictionary.cpp, line 228]
Event: 16.054 Thread 0x000001a8de099800 Exception <a 'java/lang/ClassNotFoundException'{0x000000008730daf8}: org/springframework/web/reactive/result/method/HandlerMethodArgumentResolverSupportCustomizer> (0x000000008730daf8) thrown at [./src/hotspot/share/classfile/systemDictionary.cpp, line 228]
Event: 16.055 Thread 0x000001a8de099800 Exception <a 'java/lang/ClassNotFoundException'{0x0000000087338fc0}: org/springframework/security/web/reactive/result/method/annotation/CurrentSecurityContextArgumentResolverCustomizer> (0x0000000087338fc0) thrown at [./src/hotspot/share/classfile/systemDictionary.cpp, line 228]
Event: 16.057 Thread 0x000001a8de099800 Exception <a 'java/lang/ClassNotFoundException'{0x0000000087361340}: org/springframework/web/reactive/result/method/HandlerMethodArgumentResolverCustomizer> (0x0000000087361340) thrown at [./src/hotspot/share/classfile/systemDictionary.cpp, line 228]
Event: 16.060 Thread 0x000001a8de099800 Exception <a 'java/lang/ClassNotFoundException'{0x0000000087369950}: java/lang/ObjectCustomizer> (0x0000000087369950) thrown at [./src/hotspot/share/classfile/systemDictionary.cpp, line 228]
Event: 16.061 Thread 0x000001a8de099800 Exception <a 'java/lang/ClassNotFoundException'{0x00000000873921e0}: org/springframework/security/config/annotation/web/reactive/WebFluxSecurityConfigurationCustomizer> (0x00000000873921e0) thrown at [./src/hotspot/share/classfile/systemDictionary.cpp, line 228]
Event: 16.115 Thread 0x000001a8de099800 Exception <a 'java/lang/ClassNotFoundException'{0x00000000871d0838}: java/lang/ObjectCustomizer> (0x00000000871d0838) thrown at [./src/hotspot/share/classfile/systemDictionary.cpp, line 228]
Event: 16.116 Thread 0x000001a8de099800 Exception <a 'java/lang/ClassNotFoundException'{0x00000000871f4748}: org/springframework/security/config/web/server/ServerHttpSecurityCustomizer> (0x00000000871f4748) thrown at [./src/hotspot/share/classfile/systemDictionary.cpp, line 228]
Event: 16.118 Thread 0x000001a8de099800 Exception <a 'java/lang/ClassNotFoundException'{0x000000008703f730}: org/springframework/security/config/annotation/web/reactive/ServerHttpSecurityConfiguration$ContextAwareServerHttpSecurityCustomizer> (0x000000008703f730) thrown at [./src/hotspot/share/classfile/systemDictionary.cpp, line 228]
Event: 16.119 Thread 0x000001a8de099800 Exception <a 'java/lang/ClassNotFoundException'{0x0000000087063e10}: org/springframework/context/ApplicationContextAwareCustomizer> (0x0000000087063e10) thrown at [./src/hotspot/share/classfile/systemDictionary.cpp, line 228]
Event: 16.120 Thread 0x000001a8de099800 Exception <a 'java/lang/ClassNotFoundException'{0x000000008707ee70}: org/springframework/beans/factory/AwareCustomizer> (0x000000008707ee70) thrown at [./src/hotspot/share/classfile/systemDictionary.cpp, line 228]
Event: 16.141 Thread 0x000001a8de099800 Exception <a 'java/lang/ClassNotFoundException'{0x00000000870b6cc0}: java/lang/ObjectCustomizer> (0x00000000870b6cc0) thrown at [./src/hotspot/share/classfile/systemDictionary.cpp, line 228]
Event: 16.148 Thread 0x000001a8de099800 Exception <a 'java/lang/ClassNotFoundException'{0x00000000870db0f0}: org/springframework/web/cors/reactive/UrlBasedCorsConfigurationSourceCustomizer> (0x00000000870db0f0) thrown at [./src/hotspot/share/classfile/systemDictionary.cpp, line 228]
Event: 16.151 Thread 0x000001a8de099800 Exception <a 'java/lang/ClassNotFoundException'{0x00000000870ff530}: org/springframework/web/cors/reactive/CorsConfigurationSourceCustomizer> (0x00000000870ff530) thrown at [./src/hotspot/share/classfile/systemDictionary.cpp, line 228]
Event: 16.196 Thread 0x000001a8de099800 Exception <a 'java/lang/ClassNotFoundException'{0x0000000086ebb720}: java/lang/ObjectCustomizer> (0x0000000086ebb720) thrown at [./src/hotspot/share/classfile/systemDictionary.cpp, line 228]
Event: 16.197 Thread 0x000001a8de099800 Exception <a 'java/lang/ClassNotFoundException'{0x0000000086edf358}: org/springframework/security/web/server/MatcherSecurityWebFilterChainCustomizer> (0x0000000086edf358) thrown at [./src/hotspot/share/classfile/systemDictionary.cpp, line 228]

Events (20 events):
Event: 16.194 loading class org/springframework/security/config/web/server/ServerHttpSecurity$ServerWebExchangeReactorContextWebFilter done
Event: 16.194 loading class org/springframework/security/web/server/MatcherSecurityWebFilterChain
Event: 16.194 loading class org/springframework/security/web/server/MatcherSecurityWebFilterChain done
Event: 16.195 loading class org/springframework/security/web/server/util/matcher/ServerWebExchangeMatcher$MatchResult
Event: 16.195 loading class org/springframework/security/web/server/util/matcher/ServerWebExchangeMatcher$MatchResult done
Event: 16.196 loading class java/lang/ObjectCustomizer
Event: 16.196 loading class java/lang/ObjectCustomizer done
Event: 16.196 loading class java/lang/ObjectCustomizer
Event: 16.196 loading class java/lang/ObjectCustomizer done
Event: 16.196 loading class org/springframework/security/web/server/MatcherSecurityWebFilterChainCustomizer
Event: 16.196 loading class org/springframework/security/web/server/MatcherSecurityWebFilterChainCustomizer done
Event: 16.197 loading class org/springframework/security/web/server/MatcherSecurityWebFilterChainCustomizer
Event: 16.197 loading class org/springframework/security/web/server/MatcherSecurityWebFilterChainCustomizer done
Event: 16.197 loading class org/springframework/security/web/server/MatcherSecurityWebFilterChainCustomizer
Event: 16.197 loading class org/springframework/security/web/server/MatcherSecurityWebFilterChainCustomizer done
Event: 16.198 loading class org/springframework/security/web/server/SecurityWebFilterChainCustomizer
Event: 16.198 loading class org/springframework/security/web/server/SecurityWebFilterChainCustomizer done
Event: 16.199 loading class org/springframework/security/web/server/SecurityWebFilterChainCustomizer
Event: 16.199 loading class org/springframework/security/web/server/SecurityWebFilterChainCustomizer done
Event: 16.199 Executing VM operation: G1CollectForAllocation


Dynamic libraries:
0x00007ff667070000 - 0x00007ff66707d000 	C:\Program Files\Java\graalvm-ce-java11-20.3.3\bin\java.exe
0x00007ff832510000 - 0x00007ff832705000 	C:\WINDOWS\SYSTEM32\ntdll.dll
0x00007ff830720000 - 0x00007ff8307de000 	C:\WINDOWS\System32\KERNEL32.DLL
0x00007ff830290000 - 0x00007ff830559000 	C:\WINDOWS\System32\KERNELBASE.dll
0x00007ff82fe60000 - 0x00007ff82ff60000 	C:\WINDOWS\System32\ucrtbase.dll
0x00007ff826ad0000 - 0x00007ff826ae7000 	C:\Program Files\Java\graalvm-ce-java11-20.3.3\bin\jli.dll
0x00007ff825ed0000 - 0x00007ff825ee5000 	C:\Program Files\Java\graalvm-ce-java11-20.3.3\bin\VCRUNTIME140.dll
0x00007ff831560000 - 0x00007ff831701000 	C:\WINDOWS\System32\USER32.dll
0x00007ff82fd40000 - 0x00007ff82fd62000 	C:\WINDOWS\System32\win32u.dll
0x00007ff821250000 - 0x00007ff8214ea000 	C:\WINDOWS\WinSxS\amd64_microsoft.windows.common-controls_6595b64144ccf1df_6.0.19041.1110_none_60b5254171f9507e\COMCTL32.dll
0x00007ff831f20000 - 0x00007ff831f4b000 	C:\WINDOWS\System32\GDI32.dll
0x00007ff831d20000 - 0x00007ff831dbe000 	C:\WINDOWS\System32\msvcrt.dll
0x00007ff8300f0000 - 0x00007ff8301fb000 	C:\WINDOWS\System32\gdi32full.dll
0x00007ff82fdc0000 - 0x00007ff82fe5d000 	C:\WINDOWS\System32\msvcp_win.dll
0x00007ff831160000 - 0x00007ff831190000 	C:\WINDOWS\System32\IMM32.DLL
0x00007fffef310000 - 0x00007fffef3ab000 	C:\Program Files\Java\graalvm-ce-java11-20.3.3\bin\msvcp140.dll
0x00007fffc3050000 - 0x00007fffc3b5f000 	C:\Program Files\Java\graalvm-ce-java11-20.3.3\bin\server\jvm.dll
0x00007ff831b10000 - 0x00007ff831bbc000 	C:\WINDOWS\System32\ADVAPI32.dll
0x00007ff832430000 - 0x00007ff8324cb000 	C:\WINDOWS\System32\sechost.dll
0x00007ff831710000 - 0x00007ff83183a000 	C:\WINDOWS\System32\RPCRT4.dll
0x00007ff831eb0000 - 0x00007ff831eb8000 	C:\WINDOWS\System32\PSAPI.DLL
0x00007ff8254f0000 - 0x00007ff825517000 	C:\WINDOWS\SYSTEM32\WINMM.dll
0x00007ff82d430000 - 0x00007ff82d439000 	C:\WINDOWS\SYSTEM32\WSOCK32.dll
0x00007ff829d70000 - 0x00007ff829d7a000 	C:\WINDOWS\SYSTEM32\VERSION.dll
0x00007ff831bc0000 - 0x00007ff831c2b000 	C:\WINDOWS\System32\WS2_32.dll
0x00007ff82db50000 - 0x00007ff82db62000 	C:\WINDOWS\SYSTEM32\kernel.appcore.dll
0x00007ff826760000 - 0x00007ff826770000 	C:\Program Files\Java\graalvm-ce-java11-20.3.3\bin\verify.dll
0x00007ff819d40000 - 0x00007ff819f24000 	C:\WINDOWS\SYSTEM32\DBGHELP.DLL
0x00007ff819570000 - 0x00007ff81959c000 	C:\WINDOWS\SYSTEM32\dbgcore.DLL
0x00007ff830200000 - 0x00007ff830283000 	C:\WINDOWS\System32\bcryptPrimitives.dll
0x00007ff819610000 - 0x00007ff819638000 	C:\Program Files\Java\graalvm-ce-java11-20.3.3\bin\java.dll
0x00007ff825a70000 - 0x00007ff825a7a000 	C:\Program Files\Java\graalvm-ce-java11-20.3.3\bin\jimage.dll
0x00007ff824330000 - 0x00007ff824347000 	C:\Program Files\Java\graalvm-ce-java11-20.3.3\bin\zip.dll
0x00007ff8307e0000 - 0x00007ff830f1f000 	C:\WINDOWS\System32\SHELL32.dll
0x00007ff82dd50000 - 0x00007ff82e4e0000 	C:\WINDOWS\SYSTEM32\windows.storage.dll
0x00007ff831190000 - 0x00007ff8314e5000 	C:\WINDOWS\System32\combase.dll
0x00007ff82f680000 - 0x00007ff82f6ac000 	C:\WINDOWS\SYSTEM32\Wldp.dll
0x00007ff8310b0000 - 0x00007ff83115e000 	C:\WINDOWS\System32\SHCORE.dll
0x00007ff8314f0000 - 0x00007ff831545000 	C:\WINDOWS\System32\shlwapi.dll
0x00007ff82fb70000 - 0x00007ff82fb8f000 	C:\WINDOWS\SYSTEM32\profapi.dll
0x00007fffbf3f0000 - 0x00007fffc109a000 	C:\Program Files\Java\graalvm-ce-java11-20.3.3\bin\jvmcicompiler.dll
0x00007ff82f3e0000 - 0x00007ff82f44a000 	C:\WINDOWS\SYSTEM32\MSWSOCK.dll
0x00007ff82fb30000 - 0x00007ff82fb5e000 	C:\WINDOWS\SYSTEM32\USERENV.dll
0x00007ff82f080000 - 0x00007ff82f0bb000 	C:\WINDOWS\SYSTEM32\IPHLPAPI.DLL
0x00007ff81ab60000 - 0x00007ff81ab79000 	C:\Program Files\Java\graalvm-ce-java11-20.3.3\bin\net.dll
0x00007ff82ae60000 - 0x00007ff82af68000 	C:\WINDOWS\SYSTEM32\WINHTTP.dll
0x00007ff819a10000 - 0x00007ff819a22000 	C:\Program Files\Java\graalvm-ce-java11-20.3.3\bin\nio.dll
0x00007ff825380000 - 0x00007ff825389000 	C:\Program Files\Java\graalvm-ce-java11-20.3.3\bin\management.dll
0x00007ff823fa0000 - 0x00007ff823fab000 	C:\Program Files\Java\graalvm-ce-java11-20.3.3\bin\management_ext.dll
0x00007ff831550000 - 0x00007ff831558000 	C:\WINDOWS\System32\NSI.dll
0x00007ff8299c0000 - 0x00007ff8299d7000 	C:\WINDOWS\SYSTEM32\dhcpcsvc6.DLL
0x00007ff829630000 - 0x00007ff82964d000 	C:\WINDOWS\SYSTEM32\dhcpcsvc.DLL
0x00007ff82f0d0000 - 0x00007ff82f19c000 	C:\WINDOWS\SYSTEM32\DNSAPI.dll
0x00007ff826ef0000 - 0x00007ff826efa000 	C:\Windows\System32\rasadhlp.dll
0x00007ff823e00000 - 0x00007ff823e7f000 	C:\WINDOWS\System32\fwpuclnt.dll
0x00007ff82ff60000 - 0x00007ff82ff87000 	C:\WINDOWS\System32\bcrypt.dll
0x00007ff813100000 - 0x00007ff813117000 	C:\WINDOWS\system32\napinsp.dll
0x00007ff8130e0000 - 0x00007ff8130fb000 	C:\WINDOWS\system32\pnrpnsp.dll
0x00007ff8130c0000 - 0x00007ff8130d5000 	C:\WINDOWS\system32\wshbth.dll
0x00007ff82b6b0000 - 0x00007ff82b6cd000 	C:\WINDOWS\system32\NLAapi.dll
0x00007ff8136f0000 - 0x00007ff813702000 	C:\WINDOWS\System32\winrnr.dll
0x00007ff82f5e0000 - 0x00007ff82f5f8000 	C:\WINDOWS\SYSTEM32\CRYPTSP.dll
0x00007ff82ecf0000 - 0x00007ff82ed24000 	C:\WINDOWS\system32\rsaenh.dll
0x00007ff82f5d0000 - 0x00007ff82f5dc000 	C:\WINDOWS\SYSTEM32\CRYPTBASE.dll
0x00007ff8195e0000 - 0x00007ff819605000 	C:\Program Files\Java\graalvm-ce-java11-20.3.3\bin\sunec.dll
0x00007ff827fb0000 - 0x00007ff827fbe000 	C:\Program Files\Java\graalvm-ce-java11-20.3.3\bin\sunmscapi.dll
0x00007ff82ff90000 - 0x00007ff8300e6000 	C:\WINDOWS\System32\CRYPT32.dll
0x00007ff82f6f0000 - 0x00007ff82f717000 	C:\WINDOWS\SYSTEM32\ncrypt.dll
0x00007ff82f6b0000 - 0x00007ff82f6eb000 	C:\WINDOWS\SYSTEM32\NTASN1.dll

dbghelp: loaded successfully - version: 4.0.5 - missing functions: none
symbol engine: initialized successfully - sym options: 0x614 - pdb path: .;C:\Program Files\Java\graalvm-ce-java11-20.3.3\bin;C:\WINDOWS\SYSTEM32;C:\WINDOWS\WinSxS\amd64_microsoft.windows.common-controls_6595b64144ccf1df_6.0.19041.1110_none_60b5254171f9507e;C:\Program Files\Java\graalvm-ce-java11-20.3.3\bin\server

VM Arguments:
jvm_args: -XX:+UnlockExperimentalVMOptions -XX:+EnableJVMCIProduct -XX:-UnlockExperimentalVMOptions -XX:ThreadPriorityPolicy=1 
java_command: C:\Users\GALIHD~1\AppData\Local\Temp\surefire249387543591547983\surefirebooter3279057327828116828.jar C:\Users\galih diarsyah\AppData\Local\Temp\surefire249387543591547983 2021-09-30T02-47-17_549-jvmRun1 surefire17759202752395192133tmp surefire_06357777584484148220tmp
java_class_path (initial): C:\Users\GALIHD~1\AppData\Local\Temp\surefire249387543591547983\surefirebooter3279057327828116828.jar
Launcher Type: SUN_STANDARD

[Global flags]
     intx CICompilerCount                          = 3                                         {product} {ergonomic}
     uint ConcGCThreads                            = 1                                         {product} {ergonomic}
     bool EnableJVMCIProduct                       = true                                {JVMCI product} {jimage}
     uint G1ConcRefinementThreads                  = 4                                         {product} {ergonomic}
   size_t G1HeapRegionSize                         = 1048576                                   {product} {ergonomic}
    uintx GCDrainStackTargetSize                   = 64                                        {product} {ergonomic}
   size_t InitialHeapSize                          = 134217728                                 {product} {ergonomic}
   size_t MarkStackSize                            = 4194304                                   {product} {ergonomic}
   size_t MaxHeapSize                              = 2134900736                                {product} {ergonomic}
   size_t MaxNewSize                               = 1280311296                                {product} {ergonomic}
   size_t MinHeapDeltaBytes                        = 1048576                                   {product} {ergonomic}
    uintx NonNMethodCodeHeapSize                   = 5830732                                {pd product} {ergonomic}
    uintx NonProfiledCodeHeapSize                  = 164856794                              {pd product} {ergonomic}
    uintx ProfiledCodeHeapSize                     = 164856794                              {pd product} {ergonomic}
    uintx ReservedCodeCacheSize                    = 335544320                              {pd product} {ergonomic}
     bool SegmentedCodeCache                       = true                                      {product} {ergonomic}
     intx ThreadPriorityPolicy                     = 1                                         {product} {jimage}
     bool UseCompressedClassPointers               = true                                 {lp64_product} {ergonomic}
     bool UseCompressedOops                        = true                                 {lp64_product} {ergonomic}
     bool UseG1GC                                  = true                                      {product} {ergonomic}
     bool UseLargePagesIndividualAllocation        = false                                  {pd product} {ergonomic}

Logging:
Log output configuration:
 #0: stdout all=warning uptime,level,tags
 #1: stderr all=off uptime,level,tags

Environment Variables:
JAVA_HOME=C:\Program Files\Java\graalvm-ce-java11-20.3.3
PATH=C:\Program Files (x86)\Common Files\Oracle\Java\javapath;C:\Windows\system32;C:\Windows;C:\Windows\System32\Wbem;C:\Windows\System32\WindowsPowerShell\v1.0\;C:\Windows\System32\OpenSSH\;C:\Program Files (x86)\NVIDIA Corporation\PhysX\Common;C:\Program Files\NVIDIA Corporation\NVIDIA NvDLISR;D:\NodeJs\;C:\WINDOWS\system32;C:\WINDOWS;C:\WINDOWS\System32\Wbem;C:\WINDOWS\System32\WindowsPowerShell\v1.0\;C:\WINDOWS\System32\OpenSSH\;C:\Program Files\dotnet\;C:\Program Files\Java\graalvm-ce-java11-20.3.3\bin;C:\Program Files\Android\jdk\microsoft_dist_openjdk_1.8.0.25\bin;C:\Users\galih diarsyah\AppData\Local\Android\Sdk\tools;C:\Users\galih diarsyah\AppData\Local\Android\Sdk\platform-tools;D:\apache-maven-3.8.1\bin;C:\Program Files\MySQL\MySQL Shell 8.0\bin\;C:\Users\galih diarsyah\AppData\Local\Microsoft\WindowsApps;C:\Users\galih diarsyah\AppData\Roaming\npm;D:\Microsoft VS Code\bin;D:\apache-maven-3.6.3\bin;C:\Program Files\Java\jdk-11.0.10\bin;C:\Users\galih diarsyah\.dotnet\tools;C:\Program Files\heroku\bin
USERNAME=galih diarsyah
LANG=en_US.UTF-8
OS=Windows_NT
PROCESSOR_IDENTIFIER=AMD64 Family 23 Model 1 Stepping 1, AuthenticAMD



---------------  S Y S T E M  ---------------

OS: Windows 10 , 64 bit Build 19041 (10.0.19041.1202)
OS uptime: 2 days 9:44 hours

CPU:total 4 (initial active 4) (4 cores per cpu, 1 threads per core) family 23 model 1 stepping 1 microcode 0x0, cmov, cx8, fxsr, mmx, sse, sse2, sse3, ssse3, sse4.1, sse4.2, popcnt, avx, avx2, aes, clmul, mmxext, 3dnowpref, lzcnt, sse4a, tsc, tscinvbit, tscinv, bmi1, bmi2, adx, sha, fma

Memory: 4k page, system-wide physical 8143M (465M free)
TotalPageFile size 23341M (AvailPageFile size 35M)
current process WorkingSet (physical memory assigned to process): 622M, peak: 622M
current process commit charge ("private bytes"): 834M, peak: 879M

vm_info: OpenJDK 64-Bit Server VM (11.0.12+6-jvmci-20.3-b20) for windows-amd64 JRE (11.0.12+6-jvmci-20.3-b20), built on Jul 18 2021 10:40:18 by "" with unknown MS VC++:1916

END.
